[    17.721] (--) Log file renamed from "/home/eggma/.local/share/xorg/Xorg.pid-1922.log" to "/home/eggma/.local/share/xorg/Xorg.0.log"
[    17.723] 
X.Org X Server 1.20.4
X Protocol Version 11, Revision 0
[    17.723] Build Operating System: Linux 4.4.0-148-generic x86_64 Ubuntu
[    17.723] Current Operating System: Linux ubuntu 5.0.0-32-generic #34~18.04.2-Ubuntu SMP Thu Oct 10 10:36:02 UTC 2019 x86_64
[    17.723] Kernel command line: BOOT_IMAGE=/boot/vmlinuz-5.0.0-32-generic root=UUID=700d7dde-7ae1-4504-a9db-df7e06e7c314 ro find_preseed=/preseed.cfg auto noprompt priority=critical locale=en_US quiet
[    17.723] Build Date: 02 May 2019  08:06:54AM
[    17.723] xorg-server-hwe-18.04 2:1.20.4-1ubuntu3~18.04.1 (For technical support please see http://www.ubuntu.com/support) 
[    17.723] Current version of pixman: 0.34.0
[    17.723] 	Before reporting problems, check http://wiki.x.org
	to make sure that you have the latest version.
[    17.723] Markers: (--) probed, (**) from config file, (==) default setting,
	(++) from command line, (!!) notice, (II) informational,
	(WW) warning, (EE) error, (NI) not implemented, (??) unknown.
[    17.723] (==) Log file: "/home/eggma/.local/share/xorg/Xorg.0.log", Time: Wed Nov  6 07:38:33 2019
[    17.724] (==) Using system config directory "/usr/share/X11/xorg.conf.d"
[    17.726] (==) No Layout section.  Using the first Screen section.
[    17.726] (==) No screen section available. Using defaults.
[    17.726] (**) |-->Screen "Default Screen Section" (0)
[    17.726] (**) |   |-->Monitor "<default monitor>"
[    17.727] (==) No monitor specified for screen "Default Screen Section".
	Using a default monitor configuration.
[    17.727] (==) Automatically adding devices
[    17.727] (==) Automatically enabling devices
[    17.727] (==) Automatically adding GPU devices
[    17.727] (==) Automatically binding GPU devices
[    17.727] (==) Max clients allowed: 256, resource mask: 0x1fffff
[    17.727] (WW) The directory "/usr/share/fonts/X11/cyrillic" does not exist.
[    17.727] 	Entry deleted from font path.
[    17.727] (WW) The directory "/usr/share/fonts/X11/100dpi/" does not exist.
[    17.727] 	Entry deleted from font path.
[    17.727] (WW) The directory "/usr/share/fonts/X11/75dpi/" does not exist.
[    17.727] 	Entry deleted from font path.
[    17.727] (WW) The directory "/usr/share/fonts/X11/100dpi" does not exist.
[    17.727] 	Entry deleted from font path.
[    17.727] (WW) The directory "/usr/share/fonts/X11/75dpi" does not exist.
[    17.727] 	Entry deleted from font path.
[    17.727] (==) FontPath set to:
	/usr/share/fonts/X11/misc,
	/usr/share/fonts/X11/Type1,
	built-ins
[    17.727] (==) ModulePath set to "/usr/lib/xorg/modules"
[    17.727] (II) The server relies on udev to provide the list of input devices.
	If no devices become available, reconfigure udev or disable AutoAddDevices.
[    17.727] (II) Loader magic: 0x561028da9020
[    17.727] (II) Module ABI versions:
[    17.727] 	X.Org ANSI C Emulation: 0.4
[    17.727] 	X.Org Video Driver: 24.0
[    17.727] 	X.Org XInput driver : 24.1
[    17.727] 	X.Org Server Extension : 10.0
[    17.728] (++) using VT number 2

[    17.731] (II) systemd-logind: took control of session /org/freedesktop/login1/session/_32
[    17.732] (II) xfree86: Adding drm device (/dev/dri/card0)
[    17.733] (II) systemd-logind: got fd for /dev/dri/card0 226:0 fd 12 paused 0
[    17.736] (--) PCI:*(0@0:15:0) 15ad:0405:15ad:0405 rev 0, Mem @ 0xe8000000/134217728, 0xfe000000/8388608, I/O @ 0x00001070/16, BIOS @ 0x????????/131072
[    17.736] (II) LoadModule: "glx"
[    17.737] (II) Loading /usr/lib/xorg/modules/extensions/libglx.so
[    17.741] (II) Module glx: vendor="X.Org Foundation"
[    17.741] 	compiled for 1.20.4, module version = 1.0.0
[    17.741] 	ABI class: X.Org Server Extension, version 10.0
[    17.742] (==) Matched vmware as autoconfigured driver 0
[    17.742] (==) Matched modesetting as autoconfigured driver 1
[    17.742] (==) Matched fbdev as autoconfigured driver 2
[    17.742] (==) Matched vesa as autoconfigured driver 3
[    17.742] (==) Assigned the driver to the xf86ConfigLayout
[    17.742] (II) LoadModule: "vmware"
[    17.742] (II) Loading /usr/lib/xorg/modules/drivers/vmware_drv.so
[    17.787] (II) Module vmware: vendor="X.Org Foundation"
[    17.787] 	compiled for 1.20.1, module version = 13.3.0
[    17.787] 	Module class: X.Org Video Driver
[    17.787] 	ABI class: X.Org Video Driver, version 24.0
[    17.787] (II) LoadModule: "modesetting"
[    17.787] (II) Loading /usr/lib/xorg/modules/drivers/modesetting_drv.so
[    17.789] (II) Module modesetting: vendor="X.Org Foundation"
[    17.789] 	compiled for 1.20.4, module version = 1.20.4
[    17.789] 	Module class: X.Org Video Driver
[    17.789] 	ABI class: X.Org Video Driver, version 24.0
[    17.789] (II) LoadModule: "fbdev"
[    17.789] (II) Loading /usr/lib/xorg/modules/drivers/fbdev_drv.so
[    17.790] (II) Module fbdev: vendor="X.Org Foundation"
[    17.790] 	compiled for 1.20.1, module version = 0.5.0
[    17.790] 	Module class: X.Org Video Driver
[    17.790] 	ABI class: X.Org Video Driver, version 24.0
[    17.790] (II) LoadModule: "vesa"
[    17.790] (II) Loading /usr/lib/xorg/modules/drivers/vesa_drv.so
[    17.791] (II) Module vesa: vendor="X.Org Foundation"
[    17.791] 	compiled for 1.20.1, module version = 2.4.0
[    17.791] 	Module class: X.Org Video Driver
[    17.791] 	ABI class: X.Org Video Driver, version 24.0
[    17.791] (II) vmware: driver for VMware SVGA: vmware0405, vmware0710
[    17.791] (II) modesetting: Driver for Modesetting Kernel Drivers: kms
[    17.791] (II) FBDEV: driver for framebuffer: fbdev
[    17.791] (II) VESA: driver for VESA chipsets: vesa
[    17.791] xf86EnableIOPorts: failed to set IOPL for I/O (Operation not permitted)
[    17.791] (WW) Falling back to old probe method for modesetting
[    17.791] (WW) Falling back to old probe method for fbdev
[    17.791] (II) Loading sub module "fbdevhw"
[    17.791] (II) LoadModule: "fbdevhw"
[    17.792] (II) Loading /usr/lib/xorg/modules/libfbdevhw.so
[    17.792] (II) Module fbdevhw: vendor="X.Org Foundation"
[    17.792] 	compiled for 1.20.4, module version = 0.0.2
[    17.792] 	ABI class: X.Org Video Driver, version 24.0
[    17.792] (EE) open /dev/fb0: Permission denied
[    17.792] (WW) VGA arbiter: cannot open kernel arbiter, no multi-card support
[    17.792] (II) vmware(0): Creating default Display subsection in Screen section
	"Default Screen Section" for depth/fbbpp 24/32
[    17.792] (--) vmware(0): DRM driver version is 2.15.0
[    17.792] (==) vmware(0): Depth 24, (--) framebuffer bpp 32
[    17.792] (==) vmware(0): RGB weight 888
[    17.792] (==) vmware(0): Default visual is TrueColor
[    17.793] (--) vmware(0): Min width 1, Max Width 16384.
[    17.793] (--) vmware(0): Min height 1, Max Height 16384.
[    17.793] (II) vmware(0): Output Virtual1 has no monitor section
[    17.793] (II) vmware(0): Output Virtual2 has no monitor section
[    17.793] (II) vmware(0): Output Virtual3 has no monitor section
[    17.793] (II) vmware(0): Output Virtual4 has no monitor section
[    17.793] (II) vmware(0): Output Virtual5 has no monitor section
[    17.793] (II) vmware(0): Output Virtual6 has no monitor section
[    17.793] (II) vmware(0): Output Virtual7 has no monitor section
[    17.794] (II) vmware(0): Output Virtual8 has no monitor section
[    17.794] (II) vmware(0): Printing probed modes for output Virtual1
[    17.794] (II) vmware(0): Modeline "670x932"x60.0   53.23  670 720 770 820  932 982 1032 1082 -hsync +vsync (64.9 kHz eP)
[    17.794] (II) vmware(0): Modeline "2560x1600"x60.0  348.50  2560 2752 3032 3504  1600 1603 1609 1658 -hsync +vsync (99.5 kHz e)
[    17.794] (II) vmware(0): Modeline "1920x1440"x60.0  234.00  1920 2048 2256 2600  1440 1441 1444 1500 -hsync +vsync (90.0 kHz e)
[    17.794] (II) vmware(0): Modeline "1856x1392"x60.0  218.25  1856 1952 2176 2528  1392 1393 1396 1439 -hsync +vsync (86.3 kHz e)
[    17.794] (II) vmware(0): Modeline "1792x1344"x60.0  204.75  1792 1920 2120 2448  1344 1345 1348 1394 -hsync +vsync (83.6 kHz e)
[    17.794] (II) vmware(0): Modeline "1920x1200"x59.9  193.25  1920 2056 2256 2592  1200 1203 1209 1245 -hsync +vsync (74.6 kHz e)
[    17.794] (II) vmware(0): Modeline "1600x1200"x60.0  162.00  1600 1664 1856 2160  1200 1201 1204 1250 +hsync +vsync (75.0 kHz e)
[    17.794] (II) vmware(0): Modeline "1680x1050"x60.0  146.25  1680 1784 1960 2240  1050 1053 1059 1089 -hsync +vsync (65.3 kHz e)
[    17.794] (II) vmware(0): Modeline "1400x1050"x60.0  121.75  1400 1488 1632 1864  1050 1053 1057 1089 -hsync +vsync (65.3 kHz e)
[    17.794] (II) vmware(0): Modeline "1280x1024"x60.0  108.00  1280 1328 1440 1688  1024 1025 1028 1066 +hsync +vsync (64.0 kHz e)
[    17.794] (II) vmware(0): Modeline "1440x900"x59.9  106.50  1440 1520 1672 1904  900 903 909 934 -hsync +vsync (55.9 kHz e)
[    17.794] (II) vmware(0): Modeline "1280x960"x60.0  108.00  1280 1376 1488 1800  960 961 964 1000 +hsync +vsync (60.0 kHz e)
[    17.794] (II) vmware(0): Modeline "1360x768"x60.0   85.50  1360 1424 1536 1792  768 771 777 795 +hsync +vsync (47.7 kHz e)
[    17.794] (II) vmware(0): Modeline "1280x800"x59.8   83.50  1280 1352 1480 1680  800 803 809 831 +hsync -vsync (49.7 kHz e)
[    17.794] (II) vmware(0): Modeline "1152x864"x75.0  108.00  1152 1216 1344 1600  864 865 868 900 +hsync +vsync (67.5 kHz e)
[    17.794] (II) vmware(0): Modeline "1280x768"x59.9   79.50  1280 1344 1472 1664  768 771 778 798 -hsync +vsync (47.8 kHz e)
[    17.794] (II) vmware(0): Modeline "1024x768"x60.0   65.00  1024 1048 1184 1344  768 771 777 806 -hsync -vsync (48.4 kHz e)
[    17.794] (II) vmware(0): Modeline "800x600"x60.3   40.00  800 840 968 1056  600 601 605 628 +hsync +vsync (37.9 kHz e)
[    17.794] (II) vmware(0): Modeline "640x480"x59.9   25.18  640 656 752 800  480 489 492 525 -hsync -vsync (31.5 kHz e)
[    17.794] (II) vmware(0): EDID for output Virtual2
[    17.794] (II) vmware(0): EDID for output Virtual3
[    17.794] (II) vmware(0): EDID for output Virtual4
[    17.794] (II) vmware(0): EDID for output Virtual5
[    17.794] (II) vmware(0): EDID for output Virtual6
[    17.794] (II) vmware(0): EDID for output Virtual7
[    17.794] (II) vmware(0): EDID for output Virtual8
[    17.794] (II) vmware(0): Output Virtual1 connected
[    17.794] (II) vmware(0): Output Virtual2 disconnected
[    17.794] (II) vmware(0): Output Virtual3 disconnected
[    17.794] (II) vmware(0): Output Virtual4 disconnected
[    17.794] (II) vmware(0): Output Virtual5 disconnected
[    17.794] (II) vmware(0): Output Virtual6 disconnected
[    17.794] (II) vmware(0): Output Virtual7 disconnected
[    17.794] (II) vmware(0): Output Virtual8 disconnected
[    17.794] (II) vmware(0): Using exact sizes for initial modes
[    17.794] (II) vmware(0): Output Virtual1 using initial mode 670x932 +0+0
[    17.794] (==) vmware(0): DPI set to (96, 96)
[    17.794] (==) vmware(0): Using gamma correction (1.0, 1.0, 1.0)
[    17.794] (II) Loading sub module "fb"
[    17.794] (II) LoadModule: "fb"
[    17.794] (II) Loading /usr/lib/xorg/modules/libfb.so
[    17.796] (II) Module fb: vendor="X.Org Foundation"
[    17.796] 	compiled for 1.20.4, module version = 1.0.0
[    17.796] 	ABI class: X.Org ANSI C Emulation, version 0.4
[    17.796] (II) Loading sub module "dri2"
[    17.796] (II) LoadModule: "dri2"
[    17.796] (II) Module "dri2" already built-in
[    17.796] (II) Loading sub module "dri3"
[    17.796] (II) LoadModule: "dri3"
[    17.796] (II) Module "dri3" already built-in
[    17.796] (II) UnloadModule: "modesetting"
[    17.796] (II) Unloading modesetting
[    17.796] (II) UnloadModule: "fbdev"
[    17.796] (II) Unloading fbdev
[    17.796] (II) UnloadSubModule: "fbdevhw"
[    17.796] (II) Unloading fbdevhw
[    17.796] (II) UnloadModule: "vesa"
[    17.796] (II) Unloading vesa
[    17.798] (II) vmware(0): Initialized VMWARE_CTRL extension version 0.2
[    17.829] (II) vmware(0): Gallium3D XA version: 2.5.0.
[    17.829] (II) vmware(0): Path of drm device is "/dev/dri/card0".
[    17.829] (II) vmware(0): [DRI2] Setup complete
[    17.829] (II) vmware(0): [DRI2]   DRI driver: vmwgfx
[    18.536] (--) vmware(0): Render acceleration is enabled.
[    18.536] (==) vmware(0): Rendercheck mode is disabled.
[    18.536] (--) vmware(0): Direct rendering (DRI2 3D) is enabled.
[    18.536] (--) vmware(0): Direct rendering (DRI3 3D) is enabled.
[    18.536] (==) vmware(0): Direct presents are disabled.
[    18.536] (==) vmware(0): Hardware only presents are automatic per scanout.
[    18.536] (==) vmware(0): Backing store enabled
[    18.536] (==) vmware(0): Silken mouse enabled
[    18.538] (==) vmware(0): DPMS enabled
[    18.538] (II) Initializing extension Generic Event Extension
[    18.538] (II) Initializing extension SHAPE
[    18.538] (II) Initializing extension MIT-SHM
[    18.539] (II) Initializing extension XInputExtension
[    18.539] (II) Initializing extension XTEST
[    18.540] (II) Initializing extension BIG-REQUESTS
[    18.540] (II) Initializing extension SYNC
[    18.540] (II) Initializing extension XKEYBOARD
[    18.540] (II) Initializing extension XC-MISC
[    18.540] (II) Initializing extension SECURITY
[    18.540] (II) Initializing extension XFIXES
[    18.541] (II) Initializing extension RENDER
[    18.541] (II) Initializing extension RANDR
[    18.541] (II) Initializing extension COMPOSITE
[    18.542] (II) Initializing extension DAMAGE
[    18.542] (II) Initializing extension MIT-SCREEN-SAVER
[    18.542] (II) Initializing extension DOUBLE-BUFFER
[    18.542] (II) Initializing extension RECORD
[    18.542] (II) Initializing extension DPMS
[    18.542] (II) Initializing extension Present
[    18.542] (II) Initializing extension DRI3
[    18.543] (II) Initializing extension X-Resource
[    18.543] (II) Initializing extension XVideo
[    18.543] (II) Initializing extension XVideo-MotionCompensation
[    18.543] (II) Initializing extension SELinux
[    18.543] (II) SELinux: Disabled on system
[    18.543] (II) Initializing extension GLX
[    18.558] (II) AIGLX: Loaded and initialized vmwgfx
[    18.558] (II) GLX: Initialized DRI2 GL provider for screen 0
[    18.558] (II) Initializing extension XFree86-VidModeExtension
[    18.559] (II) Initializing extension XFree86-DGA
[    18.559] (II) Initializing extension XFree86-DRI
[    18.559] (II) Initializing extension DRI2
[    18.560] (II) vmware(0): Setting screen physical size to 177 x 246
[    18.616] (II) config/udev: Adding input device Power Button (/dev/input/event0)
[    18.616] (**) Power Button: Applying InputClass "libinput keyboard catchall"
[    18.616] (II) LoadModule: "libinput"
[    18.616] (II) Loading /usr/lib/xorg/modules/input/libinput_drv.so
[    18.619] (II) Module libinput: vendor="X.Org Foundation"
[    18.619] 	compiled for 1.20.1, module version = 0.28.1
[    18.619] 	Module class: X.Org XInput Driver
[    18.619] 	ABI class: X.Org XInput driver, version 24.1
[    18.619] (II) Using input driver 'libinput' for 'Power Button'
[    18.620] (II) systemd-logind: got fd for /dev/input/event0 13:64 fd 24 paused 0
[    18.620] (**) Power Button: always reports core events
[    18.620] (**) Option "Device" "/dev/input/event0"
[    18.620] (**) Option "_source" "server/udev"
[    18.621] (II) event0  - Power Button: is tagged by udev as: Keyboard
[    18.621] (II) event0  - Power Button: device is a keyboard
[    18.621] (II) event0  - Power Button: device removed
[    18.621] (**) Option "config_info" "udev:/sys/devices/LNXSYSTM:00/LNXPWRBN:00/input/input0/event0"
[    18.621] (II) XINPUT: Adding extended input device "Power Button" (type: KEYBOARD, id 6)
[    18.621] (**) Option "xkb_layout" "us"
[    18.622] (II) event0  - Power Button: is tagged by udev as: Keyboard
[    18.622] (II) event0  - Power Button: device is a keyboard
[    18.623] (II) config/udev: Adding input device VMware VMware Virtual USB Mouse (/dev/input/event4)
[    18.623] (**) VMware VMware Virtual USB Mouse: Applying InputClass "libinput pointer catchall"
[    18.623] (II) Using input driver 'libinput' for 'VMware VMware Virtual USB Mouse'
[    18.691] (II) systemd-logind: got fd for /dev/input/event4 13:68 fd 27 paused 0
[    18.691] (**) VMware VMware Virtual USB Mouse: always reports core events
[    18.691] (**) Option "Device" "/dev/input/event4"
[    18.691] (**) Option "_source" "server/udev"
[    18.691] (II) event4  - VMware VMware Virtual USB Mouse: is tagged by udev as: Mouse
[    18.691] (II) event4  - VMware VMware Virtual USB Mouse: device is a pointer
[    18.691] (II) event4  - VMware VMware Virtual USB Mouse: device removed
[    18.692] (**) Option "config_info" "udev:/sys/devices/pci0000:00/0000:00:11.0/0000:02:00.0/usb2/2-1/2-1:1.0/0003:0E0F:0003.0001/input/input5/event4"
[    18.692] (II) XINPUT: Adding extended input device "VMware VMware Virtual USB Mouse" (type: MOUSE, id 7)
[    18.692] (**) Option "AccelerationScheme" "none"
[    18.692] (**) VMware VMware Virtual USB Mouse: (accel) selected scheme none/0
[    18.692] (**) VMware VMware Virtual USB Mouse: (accel) acceleration factor: 2.000
[    18.692] (**) VMware VMware Virtual USB Mouse: (accel) acceleration threshold: 4
[    18.692] (II) event4  - VMware VMware Virtual USB Mouse: is tagged by udev as: Mouse
[    18.692] (II) event4  - VMware VMware Virtual USB Mouse: device is a pointer
[    18.693] (II) config/udev: Adding input device VMware VMware Virtual USB Mouse (/dev/input/mouse2)
[    18.693] (II) No input driver specified, ignoring this device.
[    18.693] (II) This device may have been added with another device file.
[    18.693] (II) config/udev: Adding input device AT Translated Set 2 keyboard (/dev/input/event1)
[    18.693] (**) AT Translated Set 2 keyboard: Applying InputClass "libinput keyboard catchall"
[    18.693] (II) Using input driver 'libinput' for 'AT Translated Set 2 keyboard'
[    18.694] (II) systemd-logind: got fd for /dev/input/event1 13:65 fd 28 paused 0
[    18.694] (**) AT Translated Set 2 keyboard: always reports core events
[    18.694] (**) Option "Device" "/dev/input/event1"
[    18.694] (**) Option "_source" "server/udev"
[    18.695] (II) event1  - AT Translated Set 2 keyboard: is tagged by udev as: Keyboard
[    18.695] (II) event1  - AT Translated Set 2 keyboard: device is a keyboard
[    18.695] (II) event1  - AT Translated Set 2 keyboard: device removed
[    18.695] (**) Option "config_info" "udev:/sys/devices/platform/i8042/serio0/input/input1/event1"
[    18.695] (II) XINPUT: Adding extended input device "AT Translated Set 2 keyboard" (type: KEYBOARD, id 8)
[    18.695] (**) Option "xkb_layout" "us"
[    18.696] (II) event1  - AT Translated Set 2 keyboard: is tagged by udev as: Keyboard
[    18.696] (II) event1  - AT Translated Set 2 keyboard: device is a keyboard
[    18.697] (II) config/udev: Adding input device VirtualPS/2 VMware VMMouse (/dev/input/event3)
[    18.697] (**) VirtualPS/2 VMware VMMouse: Applying InputClass "libinput pointer catchall"
[    18.697] (II) Using input driver 'libinput' for 'VirtualPS/2 VMware VMMouse'
[    18.697] (II) systemd-logind: got fd for /dev/input/event3 13:67 fd 29 paused 0
[    18.697] (**) VirtualPS/2 VMware VMMouse: always reports core events
[    18.697] (**) Option "Device" "/dev/input/event3"
[    18.697] (**) Option "_source" "server/udev"
[    18.698] (II) event3  - VirtualPS/2 VMware VMMouse: is tagged by udev as: Mouse
[    18.698] (II) event3  - VirtualPS/2 VMware VMMouse: device is a pointer
[    18.698] (II) event3  - VirtualPS/2 VMware VMMouse: device removed
[    18.698] (**) Option "config_info" "udev:/sys/devices/platform/i8042/serio1/input/input3/event3"
[    18.698] (II) XINPUT: Adding extended input device "VirtualPS/2 VMware VMMouse" (type: MOUSE, id 9)
[    18.699] (**) Option "AccelerationScheme" "none"
[    18.699] (**) VirtualPS/2 VMware VMMouse: (accel) selected scheme none/0
[    18.699] (**) VirtualPS/2 VMware VMMouse: (accel) acceleration factor: 2.000
[    18.699] (**) VirtualPS/2 VMware VMMouse: (accel) acceleration threshold: 4
[    18.699] (II) event3  - VirtualPS/2 VMware VMMouse: is tagged by udev as: Mouse
[    18.699] (II) event3  - VirtualPS/2 VMware VMMouse: device is a pointer
[    18.699] (II) config/udev: Adding input device VirtualPS/2 VMware VMMouse (/dev/input/mouse1)
[    18.699] (II) No input driver specified, ignoring this device.
[    18.699] (II) This device may have been added with another device file.
[    18.700] (II) config/udev: Adding input device VirtualPS/2 VMware VMMouse (/dev/input/event2)
[    18.700] (**) VirtualPS/2 VMware VMMouse: Applying InputClass "libinput pointer catchall"
[    18.700] (II) Using input driver 'libinput' for 'VirtualPS/2 VMware VMMouse'
[    18.700] (II) systemd-logind: got fd for /dev/input/event2 13:66 fd 30 paused 0
[    18.701] (**) VirtualPS/2 VMware VMMouse: always reports core events
[    18.701] (**) Option "Device" "/dev/input/event2"
[    18.701] (**) Option "_source" "server/udev"
[    18.702] (II) event2  - VirtualPS/2 VMware VMMouse: is tagged by udev as: Mouse
[    18.702] (II) event2  - VirtualPS/2 VMware VMMouse: device is a pointer
[    18.702] (II) event2  - VirtualPS/2 VMware VMMouse: device removed
[    18.702] (**) Option "config_info" "udev:/sys/devices/platform/i8042/serio1/input/input4/event2"
[    18.702] (II) XINPUT: Adding extended input device "VirtualPS/2 VMware VMMouse" (type: MOUSE, id 10)
[    18.702] (**) Option "AccelerationScheme" "none"
[    18.702] (**) VirtualPS/2 VMware VMMouse: (accel) selected scheme none/0
[    18.702] (**) VirtualPS/2 VMware VMMouse: (accel) acceleration factor: 2.000
[    18.702] (**) VirtualPS/2 VMware VMMouse: (accel) acceleration threshold: 4
[    18.702] (II) event2  - VirtualPS/2 VMware VMMouse: is tagged by udev as: Mouse
[    18.702] (II) event2  - VirtualPS/2 VMware VMMouse: device is a pointer
[    18.703] (II) config/udev: Adding input device VirtualPS/2 VMware VMMouse (/dev/input/mouse0)
[    18.703] (II) No input driver specified, ignoring this device.
[    18.703] (II) This device may have been added with another device file.
