{"recorder_version":"21","session":"4a96002487c0","build":"192.6817.19","bucket":"235","time":1569829116526,"group":{"id":"settings","version":"4"},"event":{"state":true,"data":{"component":"NotRoamableUiSettings","created":1569829116668},"id":"invoked"}}
{"recorder_version":"21","session":"4a96002487c0","build":"192.6817.19","bucket":"235","time":1569829116528,"group":{"id":"system.java","version":"1"},"event":{"state":true,"data":{"created":1569829116671,"version":"1.11"},"id":"JetBrains"}}
{"recorder_version":"21","session":"4a96002487c0","build":"192.6817.19","bucket":"235","time":1569829116528,"group":{"id":"system.java","version":"1"},"event":{"state":true,"data":{"created":1569829116678},"id":"invoked"}}
{"recorder_version":"21","session":"4a96002487c0","build":"192.6817.19","bucket":"235","time":1569829116528,"group":{"id":"settings","version":"4"},"event":{"state":true,"data":{"component":"UISettings","created":1569829116679},"id":"invoked"}}
{"recorder_version":"21","session":"4a96002487c0","build":"192.6817.19","bucket":"235","time":1569829116567,"group":{"id":"system.os","version":"3"},"event":{"state":true,"data":{"release":"ubuntu","created":1569829116680,"version":"18.4"},"id":"Linux"}}
{"recorder_version":"21","session":"4a96002487c0","build":"192.6817.19","bucket":"235","time":1569829116567,"group":{"id":"system.os","version":"3"},"event":{"state":true,"data":{"release":"ubuntu","created":1569829116681,"name":"Linux","version":"18.4"},"id":"os.name"}}
{"recorder_version":"21","session":"4a96002487c0","build":"192.6817.19","bucket":"235","time":1569829116567,"group":{"id":"system.os","version":"3"},"event":{"state":true,"data":{"created":1569829116682,"value":"+09_00"},"id":"os.timezone"}}
{"recorder_version":"21","session":"4a96002487c0","build":"192.6817.19","bucket":"235","time":1569829116567,"group":{"id":"system.os","version":"3"},"event":{"state":true,"data":{"created":1569829116682},"id":"invoked"}}
{"recorder_version":"21","session":"4a96002487c0","build":"192.6817.19","bucket":"235","time":1569829116667,"group":{"id":"event.log","version":"21"},"event":{"count":1,"data":{"created":1569829116683,"version":"794.0"},"id":"whitelist.loaded"}}
{"recorder_version":"21","session":"4a96002487c0","build":"192.6817.19","bucket":"235","time":1569829117480,"group":{"id":"settings","version":"4"},"event":{"state":true,"data":{"component":"GeneralSettings","created":1569829117480},"id":"invoked"}}
{"recorder_version":"21","session":"4a96002487c0","build":"192.6817.19","bucket":"235","time":1569829117486,"group":{"id":"lifecycle","version":"21"},"event":{"count":1,"data":{"eap":false,"created":1569829117486},"id":"ide.start"}}
{"recorder_version":"21","session":"4a96002487c0","build":"192.6817.19","bucket":"235","time":1569829118977,"group":{"id":"performance","version":"21"},"event":{"count":1,"data":{"duration_ms":1145,"created":1569829118978},"id":"ui.latency"}}
{"recorder_version":"21","session":"4a96002487c0","build":"192.6817.19","bucket":"235","time":1569829118978,"group":{"id":"performance","version":"21"},"event":{"count":1,"data":{"duration_ms":1145,"created":1569829118979},"id":"ui.lagging"}}
{"recorder_version":"21","session":"4a96002487c0","build":"192.6817.19","bucket":"235","time":1569829119058,"group":{"id":"lifecycle","version":"21"},"event":{"count":1,"data":{"created":1569829119058},"id":"frame.activated"}}
{"recorder_version":"21","session":"4a96002487c0","build":"192.6817.19","bucket":"235","time":1569829119070,"group":{"id":"performance","version":"21"},"event":{"count":1,"data":{"duration_ms":237,"created":1569829119072},"id":"ui.lagging"}}
{"recorder_version":"21","session":"4a96002487c0","build":"192.6817.19","bucket":"235","time":1569829119455,"group":{"id":"ui.dialogs","version":"21"},"event":{"count":1,"data":{"created":1569829119459,"plugin_type":"PLATFORM","type":"show"},"id":"com.intellij.openapi.progress.util.ProgressDialog$MyDialogWrapper"}}
{"recorder_version":"21","session":"4a96002487c0","build":"192.6817.19","bucket":"235","time":1569829120577,"group":{"id":"lifecycle","version":"21"},"event":{"count":1,"data":{"created":1569829120577,"project":"b0b0d956b38b60148d914e02cb712d4ef50eeb4b9cd8259d74f5afea4c62bc61"},"id":"project.opened"}}
{"recorder_version":"21","session":"4a96002487c0","build":"192.6817.19","bucket":"235","time":1569829121567,"group":{"id":"performance","version":"21"},"event":{"count":1,"data":{"duration_ms":732,"created":1569829121567},"id":"ui.lagging"}}
{"recorder_version":"21","session":"4a96002487c0","build":"192.6817.19","bucket":"235","time":1569829121973,"group":{"id":"toolwindow","version":"21"},"event":{"count":1,"data":{"os":"Linux","created":1569829121973,"plugin_type":"PLATFORM"},"id":"Project"}}
{"recorder_version":"21","session":"4a96002487c0","build":"192.6817.19","bucket":"235","time":1569829122634,"group":{"id":"performance","version":"21"},"event":{"count":1,"data":{"duration_ms":799,"created":1569829122634},"id":"ui.lagging"}}
{"recorder_version":"21","session":"4a96002487c0","build":"192.6817.19","bucket":"235","time":1569829122706,"group":{"id":"ui.tips","version":"2"},"event":{"count":1,"data":{"created":1569829122706,"type":"automatically"},"id":"dialog.shown"}}
{"recorder_version":"21","session":"4a96002487c0","build":"192.6817.19","bucket":"235","time":1569829122782,"group":{"id":"ui.dialogs","version":"21"},"event":{"count":1,"data":{"created":1569829122782,"plugin_type":"PLATFORM","type":"show"},"id":"com.intellij.ide.util.TipDialog"}}
{"recorder_version":"21","session":"4a96002487c0","build":"192.6817.19","bucket":"235","time":1569829123126,"group":{"id":"performance","version":"21"},"event":{"count":1,"data":{"duration_ms":292,"created":1569829123126},"id":"ui.lagging"}}
{"recorder_version":"21","session":"4a96002487c0","build":"192.6817.19","bucket":"235","time":1569829123492,"group":{"id":"project.fs","version":"1"},"event":{"state":true,"data":{"os":"Linux","cs-project":true,"created":1569829123492,"project":"b0b0d956b38b60148d914e02cb712d4ef50eeb4b9cd8259d74f5afea4c62bc61","cs-implicit":true,"cs-system":true},"id":"case-sensitivity"}}
{"recorder_version":"21","session":"4a96002487c0","build":"192.6817.19","bucket":"235","time":1569829123492,"group":{"id":"project.fs","version":"1"},"event":{"state":true,"data":{"created":1569829123493},"id":"invoked"}}
{"recorder_version":"21","session":"4a96002487c0","build":"192.6817.19","bucket":"235","time":1569829123493,"group":{"id":"project.fs","version":"1"},"event":{"state":true,"data":{"pct-non-watched":0,"created":1569829123493,"project":"b0b0d956b38b60148d914e02cb712d4ef50eeb4b9cd8259d74f5afea4c62bc61"},"id":"roots-watched"}}
{"recorder_version":"21","session":"4a96002487c0","build":"192.6817.19","bucket":"235","time":1569829123493,"group":{"id":"project.fs","version":"1"},"event":{"state":true,"data":{"created":1569829123494},"id":"invoked"}}
{"recorder_version":"21","session":"4a96002487c0","build":"192.6817.19","bucket":"235","time":1569829123524,"group":{"id":"settings","version":"4"},"event":{"state":true,"data":{"component":"XmlEditorOptions","created":1569829123524},"id":"invoked"}}
{"recorder_version":"21","session":"4a96002487c0","build":"192.6817.19","bucket":"235","time":1569829123585,"group":{"id":"ui.dialogs","version":"21"},"event":{"count":1,"data":{"code":1,"created":1569829123585,"plugin_type":"PLATFORM","type":"close"},"id":"com.intellij.openapi.progress.util.ProgressDialog$MyDialogWrapper"}}
{"recorder_version":"21","session":"4a96002487c0","build":"192.6817.19","bucket":"235","time":1569829123804,"group":{"id":"lifecycle","version":"21"},"event":{"count":1,"data":{"duration_ms":4665,"created":1569829123804,"project":"b0b0d956b38b60148d914e02cb712d4ef50eeb4b9cd8259d74f5afea4c62bc61"},"id":"project.opening.finished"}}
{"recorder_version":"21","session":"4a96002487c0","build":"192.6817.19","bucket":"235","time":1569829128541,"group":{"id":"settings","version":"4"},"event":{"state":true,"data":{"component":"UpdatesConfigurable","created":1569829128541},"id":"invoked"}}
{"recorder_version":"21","session":"4a96002487c0","build":"192.6817.19","bucket":"235","time":1569829129713,"group":{"id":"ui.tips","version":"2"},"event":{"count":2,"data":{"last":1569829131239,"created":1569829129713},"id":"next.tip"}}
{"recorder_version":"21","session":"4a96002487c0","build":"192.6817.19","bucket":"235","time":1569829134531,"group":{"id":"ui.dialogs","version":"21"},"event":{"count":1,"data":{"code":1,"created":1569829134532,"plugin_type":"PLATFORM","type":"close"},"id":"com.intellij.ide.util.TipDialog"}}
{"recorder_version":"21","session":"4a96002487c0","build":"192.6817.19","bucket":"235","time":1569829134547,"group":{"id":"lifecycle","version":"21"},"event":{"count":1,"data":{"created":1569829134548,"project":"b0b0d956b38b60148d914e02cb712d4ef50eeb4b9cd8259d74f5afea4c62bc61"},"id":"frame.deactivated"}}
{"recorder_version":"21","session":"4a96002487c0","build":"192.6817.19","bucket":"235","time":1569829134559,"group":{"id":"lifecycle","version":"21"},"event":{"count":1,"data":{"created":1569829134560,"project":"b0b0d956b38b60148d914e02cb712d4ef50eeb4b9cd8259d74f5afea4c62bc61"},"id":"frame.activated"}}
{"recorder_version":"21","session":"4a96002487c0","build":"192.6817.19","bucket":"235","time":1569829144507,"group":{"id":"ui.dialogs","version":"21"},"event":{"count":1,"data":{"created":1569829144507,"plugin_type":"PLATFORM","type":"show"},"id":"com.intellij.openapi.ui.messages.MessageDialog"}}
{"recorder_version":"21","session":"4a96002487c0","build":"192.6817.19","bucket":"235","time":1569829152539,"group":{"id":"lifecycle","version":"21"},"event":{"count":1,"data":{"restart":false,"created":1569829152539},"id":"ide.close"}}
{"recorder_version":"21","session":"4a96002487c0","build":"192.6817.19","bucket":"235","time":1569829152543,"group":{"id":"lifecycle","version":"21"},"event":{"count":1,"data":{"created":1569829152543,"project":"b0b0d956b38b60148d914e02cb712d4ef50eeb4b9cd8259d74f5afea4c62bc61"},"id":"frame.deactivated"}}
{"recorder_version":"21","session":"4a96002487c0","build":"192.6817.19","bucket":"235","time":1569829152574,"group":{"id":"lifecycle","version":"21"},"event":{"count":1,"data":{"created":1569829152574,"project":"b0b0d956b38b60148d914e02cb712d4ef50eeb4b9cd8259d74f5afea4c62bc61"},"id":"frame.activated"}}
{"recorder_version":"21","session":"4a96002487c0","build":"192.6817.19","bucket":"235","time":1569829152788,"group":{"id":"lifecycle","version":"21"},"event":{"count":1,"data":{"created":1569829152789,"project":"b0b0d956b38b60148d914e02cb712d4ef50eeb4b9cd8259d74f5afea4c62bc61"},"id":"project.closed"}}
