{"recorder_version":"21","session":"f13d14e489d0","build":"192.6817.19","bucket":"235","time":1569828824963,"group":{"id":"settings","version":"4"},"event":{"state":true,"data":{"component":"NotRoamableUiSettings","created":1569828825208},"id":"invoked"}}
{"recorder_version":"21","session":"f13d14e489d0","build":"192.6817.19","bucket":"235","time":1569828824964,"group":{"id":"settings","version":"4"},"event":{"state":true,"data":{"component":"UISettings","created":1569828825209},"id":"invoked"}}
{"recorder_version":"21","session":"f13d14e489d0","build":"192.6817.19","bucket":"235","time":1569828824967,"group":{"id":"system.java","version":"1"},"event":{"state":true,"data":{"created":1569828825217,"version":"1.11"},"id":"JetBrains"}}
{"recorder_version":"21","session":"f13d14e489d0","build":"192.6817.19","bucket":"235","time":1569828824967,"group":{"id":"system.java","version":"1"},"event":{"state":true,"data":{"created":1569828825218},"id":"invoked"}}
{"recorder_version":"21","session":"f13d14e489d0","build":"192.6817.19","bucket":"235","time":1569828825001,"group":{"id":"system.os","version":"3"},"event":{"state":true,"data":{"release":"ubuntu","created":1569828825219,"version":"18.4"},"id":"Linux"}}
{"recorder_version":"21","session":"f13d14e489d0","build":"192.6817.19","bucket":"235","time":1569828825001,"group":{"id":"system.os","version":"3"},"event":{"state":true,"data":{"release":"ubuntu","created":1569828825220,"name":"Linux","version":"18.4"},"id":"os.name"}}
{"recorder_version":"21","session":"f13d14e489d0","build":"192.6817.19","bucket":"235","time":1569828825001,"group":{"id":"system.os","version":"3"},"event":{"state":true,"data":{"created":1569828825221,"value":"+09_00"},"id":"os.timezone"}}
{"recorder_version":"21","session":"f13d14e489d0","build":"192.6817.19","bucket":"235","time":1569828825001,"group":{"id":"system.os","version":"3"},"event":{"state":true,"data":{"created":1569828825221},"id":"invoked"}}
{"recorder_version":"21","session":"f13d14e489d0","build":"192.6817.19","bucket":"235","time":1569828825207,"group":{"id":"event.log","version":"21"},"event":{"count":1,"data":{"created":1569828825222,"version":"794.0"},"id":"whitelist.loaded"}}
{"recorder_version":"21","session":"f13d14e489d0","build":"192.6817.19","bucket":"235","time":1569828827630,"group":{"id":"settings","version":"4"},"event":{"state":true,"data":{"component":"GeneralSettings","created":1569828827630},"id":"invoked"}}
{"recorder_version":"21","session":"f13d14e489d0","build":"192.6817.19","bucket":"235","time":1569828830534,"group":{"id":"lifecycle","version":"21"},"event":{"count":1,"data":{"eap":false,"created":1569828830543},"id":"ide.start"}}
{"recorder_version":"21","session":"f13d14e489d0","build":"192.6817.19","bucket":"235","time":1569828830535,"group":{"id":"performance","version":"21"},"event":{"count":1,"data":{"duration_ms":3990,"created":1569828830544},"id":"ui.latency"}}
{"recorder_version":"21","session":"f13d14e489d0","build":"192.6817.19","bucket":"235","time":1569828830535,"group":{"id":"performance","version":"21"},"event":{"count":1,"data":{"duration_ms":3990,"created":1569828830545},"id":"ui.lagging"}}
{"recorder_version":"21","session":"f13d14e489d0","build":"192.6817.19","bucket":"235","time":1569828830536,"group":{"id":"performance","version":"21"},"event":{"count":1,"data":{"duration_ms":2993,"created":1569828830545},"id":"ui.lagging"}}
{"recorder_version":"21","session":"f13d14e489d0","build":"192.6817.19","bucket":"235","time":1569828830536,"group":{"id":"performance","version":"21"},"event":{"count":1,"data":{"duration_ms":1989,"created":1569828830546},"id":"ui.lagging"}}
{"recorder_version":"21","session":"f13d14e489d0","build":"192.6817.19","bucket":"235","time":1569828830600,"group":{"id":"performance","version":"21"},"event":{"count":1,"data":{"duration_ms":1053,"created":1569828830600},"id":"ui.lagging"}}
{"recorder_version":"21","session":"f13d14e489d0","build":"192.6817.19","bucket":"235","time":1569828830982,"group":{"id":"performance","version":"21"},"event":{"count":1,"data":{"duration_ms":434,"created":1569828830983},"id":"ui.lagging"}}
{"recorder_version":"21","session":"f13d14e489d0","build":"192.6817.19","bucket":"235","time":1569828845976,"group":{"id":"actions","version":"21"},"event":{"count":1,"data":{"context_menu":false,"created":1569828845976,"plugin_type":"PLATFORM","place":"unknown","class":"com.intellij.openapi.wm.impl.welcomeScreen.FlatWelcomeFrame$FlatWelcomeScreen$6","input_event":"MouseLeft"},"id":"com.intellij.openapi.wm.impl.welcomeScreen.FlatWelcomeFrame$FlatWelcomeScreen$6"}}
{"recorder_version":"21","session":"f13d14e489d0","build":"192.6817.19","bucket":"235","time":1569828847110,"group":{"id":"performance","version":"21"},"event":{"count":1,"data":{"duration_ms":548,"created":1569828847110},"id":"ui.lagging"}}
{"recorder_version":"21","session":"f13d14e489d0","build":"192.6817.19","bucket":"235","time":1569828864692,"group":{"id":"ui.dialogs","version":"21"},"event":{"count":1,"data":{"created":1569828864692,"plugin_type":"PLATFORM","type":"show"},"id":"com.intellij.openapi.progress.util.ProgressDialog$MyDialogWrapper"}}
{"recorder_version":"21","session":"f13d14e489d0","build":"192.6817.19","bucket":"235","time":1569828865901,"group":{"id":"performance","version":"21"},"event":{"count":1,"data":{"duration_ms":320,"created":1569828865901},"id":"ui.lagging"}}
{"recorder_version":"21","session":"f13d14e489d0","build":"192.6817.19","bucket":"235","time":1569828865920,"group":{"id":"lifecycle","version":"21"},"event":{"count":1,"data":{"created":1569828865920,"project":"b0b0d956b38b60148d914e02cb712d4ef50eeb4b9cd8259d74f5afea4c62bc61"},"id":"project.opened"}}
{"recorder_version":"21","session":"f13d14e489d0","build":"192.6817.19","bucket":"235","time":1569828866716,"group":{"id":"performance","version":"21"},"event":{"count":1,"data":{"duration_ms":135,"created":1569828866716},"id":"ui.lagging"}}
{"recorder_version":"21","session":"f13d14e489d0","build":"192.6817.19","bucket":"235","time":1569828867384,"group":{"id":"ui.tips","version":"2"},"event":{"count":1,"data":{"created":1569828867384,"type":"automatically"},"id":"dialog.shown"}}
{"recorder_version":"21","session":"f13d14e489d0","build":"192.6817.19","bucket":"235","time":1569828867425,"group":{"id":"ui.dialogs","version":"21"},"event":{"count":1,"data":{"created":1569828867426,"plugin_type":"PLATFORM","type":"show"},"id":"com.intellij.ide.util.TipDialog"}}
{"recorder_version":"21","session":"f13d14e489d0","build":"192.6817.19","bucket":"235","time":1569828868698,"group":{"id":"ui.dialogs","version":"21"},"event":{"count":1,"data":{"code":1,"created":1569828868699,"plugin_type":"PLATFORM","type":"close"},"id":"com.intellij.openapi.progress.util.ProgressDialog$MyDialogWrapper"}}
{"recorder_version":"21","session":"f13d14e489d0","build":"192.6817.19","bucket":"235","time":1569828869015,"group":{"id":"ui.dialogs","version":"21"},"event":{"count":1,"data":{"created":1569828869015,"plugin_type":"PLATFORM","type":"show"},"id":"com.intellij.openapi.progress.util.ProgressDialog$MyDialogWrapper"}}
{"recorder_version":"21","session":"f13d14e489d0","build":"192.6817.19","bucket":"235","time":1569828869957,"group":{"id":"ui.dialogs","version":"21"},"event":{"count":1,"data":{"code":1,"created":1569828869957,"plugin_type":"PLATFORM","type":"close"},"id":"com.intellij.openapi.progress.util.ProgressDialog$MyDialogWrapper"}}
{"recorder_version":"21","session":"f13d14e489d0","build":"192.6817.19","bucket":"235","time":1569828870029,"group":{"id":"ui.dialogs","version":"21"},"event":{"count":1,"data":{"created":1569828870030,"plugin_type":"PLATFORM","type":"show"},"id":"com.intellij.webcore.packaging.PackagingErrorDialog"}}
{"recorder_version":"21","session":"f13d14e489d0","build":"192.6817.19","bucket":"235","time":1569828870057,"group":{"id":"lifecycle","version":"21"},"event":{"count":1,"data":{"created":1569828870057,"project":"b0b0d956b38b60148d914e02cb712d4ef50eeb4b9cd8259d74f5afea4c62bc61"},"id":"frame.deactivated"}}
{"recorder_version":"21","session":"f13d14e489d0","build":"192.6817.19","bucket":"235","time":1569828870060,"group":{"id":"lifecycle","version":"21"},"event":{"count":1,"data":{"created":1569828870060,"project":"b0b0d956b38b60148d914e02cb712d4ef50eeb4b9cd8259d74f5afea4c62bc61"},"id":"frame.activated"}}
{"recorder_version":"21","session":"f13d14e489d0","build":"192.6817.19","bucket":"235","time":1569828898435,"group":{"id":"ui.dialogs","version":"21"},"event":{"count":1,"data":{"code":0,"created":1569828898435,"plugin_type":"PLATFORM","type":"close"},"id":"com.intellij.webcore.packaging.PackagingErrorDialog"}}
{"recorder_version":"21","session":"f13d14e489d0","build":"192.6817.19","bucket":"235","time":1569828898484,"group":{"id":"toolwindow","version":"21"},"event":{"count":1,"data":{"os":"Linux","created":1569828898484,"plugin_type":"PLATFORM"},"id":"Project"}}
{"recorder_version":"21","session":"f13d14e489d0","build":"192.6817.19","bucket":"235","time":1569828898515,"group":{"id":"lifecycle","version":"21"},"event":{"count":1,"data":{"created":1569828898515,"project":"b0b0d956b38b60148d914e02cb712d4ef50eeb4b9cd8259d74f5afea4c62bc61"},"id":"frame.deactivated"}}
{"recorder_version":"21","session":"f13d14e489d0","build":"192.6817.19","bucket":"235","time":1569828898519,"group":{"id":"lifecycle","version":"21"},"event":{"count":1,"data":{"created":1569828898519,"project":"b0b0d956b38b60148d914e02cb712d4ef50eeb4b9cd8259d74f5afea4c62bc61"},"id":"frame.activated"}}
{"recorder_version":"21","session":"f13d14e489d0","build":"192.6817.19","bucket":"235","time":1569828898530,"group":{"id":"project.fs","version":"1"},"event":{"state":true,"data":{"pct-non-watched":0,"created":1569828898531,"project":"b0b0d956b38b60148d914e02cb712d4ef50eeb4b9cd8259d74f5afea4c62bc61"},"id":"roots-watched"}}
{"recorder_version":"21","session":"f13d14e489d0","build":"192.6817.19","bucket":"235","time":1569828898531,"group":{"id":"project.fs","version":"1"},"event":{"state":true,"data":{"created":1569828898531},"id":"invoked"}}
{"recorder_version":"21","session":"f13d14e489d0","build":"192.6817.19","bucket":"235","time":1569828898561,"group":{"id":"settings","version":"4"},"event":{"state":true,"data":{"component":"XmlEditorOptions","created":1569828898561},"id":"invoked"}}
{"recorder_version":"21","session":"f13d14e489d0","build":"192.6817.19","bucket":"235","time":1569828898622,"group":{"id":"lifecycle","version":"21"},"event":{"count":1,"data":{"duration_ms":34264,"created":1569828898622,"project":"b0b0d956b38b60148d914e02cb712d4ef50eeb4b9cd8259d74f5afea4c62bc61"},"id":"project.opening.finished"}}
{"recorder_version":"21","session":"f13d14e489d0","build":"192.6817.19","bucket":"235","time":1569828898861,"group":{"id":"performance","version":"21"},"event":{"count":1,"data":{"duration_ms":233,"created":1569828898861},"id":"ui.lagging"}}
{"recorder_version":"21","session":"f13d14e489d0","build":"192.6817.19","bucket":"235","time":1569828899806,"group":{"id":"ui.dialogs","version":"21"},"event":{"count":1,"data":{"code":1,"created":1569828899806,"plugin_type":"PLATFORM","type":"close"},"id":"com.intellij.ide.util.TipDialog"}}
{"recorder_version":"21","session":"f13d14e489d0","build":"192.6817.19","bucket":"235","time":1569828899813,"group":{"id":"lifecycle","version":"21"},"event":{"count":1,"data":{"created":1569828899814,"project":"b0b0d956b38b60148d914e02cb712d4ef50eeb4b9cd8259d74f5afea4c62bc61"},"id":"frame.deactivated"}}
{"recorder_version":"21","session":"f13d14e489d0","build":"192.6817.19","bucket":"235","time":1569828899831,"group":{"id":"lifecycle","version":"21"},"event":{"count":1,"data":{"created":1569828899831,"project":"b0b0d956b38b60148d914e02cb712d4ef50eeb4b9cd8259d74f5afea4c62bc61"},"id":"frame.activated"}}
{"recorder_version":"21","session":"f13d14e489d0","build":"192.6817.19","bucket":"235","time":1569828901422,"group":{"id":"ui.dialogs","version":"21"},"event":{"count":1,"data":{"created":1569828901422,"plugin_type":"PLATFORM","type":"show"},"id":"com.intellij.openapi.ui.messages.MessageDialog"}}
{"recorder_version":"21","session":"f13d14e489d0","build":"192.6817.19","bucket":"235","time":1569828902525,"group":{"id":"lifecycle","version":"21"},"event":{"count":1,"data":{"restart":false,"created":1569828902525},"id":"ide.close"}}
{"recorder_version":"21","session":"f13d14e489d0","build":"192.6817.19","bucket":"235","time":1569828902529,"group":{"id":"lifecycle","version":"21"},"event":{"count":1,"data":{"created":1569828902529,"project":"b0b0d956b38b60148d914e02cb712d4ef50eeb4b9cd8259d74f5afea4c62bc61"},"id":"frame.deactivated"}}
{"recorder_version":"21","session":"f13d14e489d0","build":"192.6817.19","bucket":"235","time":1569828902564,"group":{"id":"lifecycle","version":"21"},"event":{"count":1,"data":{"created":1569828902564,"project":"b0b0d956b38b60148d914e02cb712d4ef50eeb4b9cd8259d74f5afea4c62bc61"},"id":"frame.activated"}}
{"recorder_version":"21","session":"f13d14e489d0","build":"192.6817.19","bucket":"235","time":1569828902777,"group":{"id":"lifecycle","version":"21"},"event":{"count":1,"data":{"created":1569828902778,"project":"b0b0d956b38b60148d914e02cb712d4ef50eeb4b9cd8259d74f5afea4c62bc61"},"id":"project.closed"}}
